# JRE version: OpenJDK Runtime Environment Temurin-21.0.11+10 (21.0.11+10) (build 21.0.11+10-LTS)
# Java VM: OpenJDK 64-Bit Server VM Temurin-21.0.11+10 (21.0.11+10-LTS, mixed mode, sharing, tiered, compressed oops, compressed class ptrs, parallel gc, windows-amd64)
GC Precious Log:
 CardTable entry size: 512
 CPUs: 8 total, 8 available
 Memory: 7455M
 Large Page Support: Disabled
 NUMA Support: Disabled
 Compressed Oops: Enabled (32-bit)
 Alignments: Space 512K, Generation 512K, Heap 2M
 Heap Min Capacity: 100M
 Heap Initial Capacity: 100M
 Heap Max Capacity: 2G
 Pre-touch: Disabled
 Parallel Workers: 8
Heap:
 PSYoungGen      total 3072K, used 1731K [0x00000000d5580000, 0x00000000d5a00000, 0x0000000100000000)
  eden space 2560K, 48% used [0x00000000d5580000,0x00000000d56b4e90,0x00000000d5800000)
  from space 512K, 96% used [0x00000000d5880000,0x00000000d58fc010,0x00000000d5900000)
  to   space 1024K, 0% used [0x00000000d5900000,0x00000000d5900000,0x00000000d5a00000)
 ParOldGen       total 834560K, used 282183K [0x0000000080000000, 0x00000000b2f00000, 0x00000000d5580000)
  object space 834560K, 33% used [0x0000000080000000,0x0000000091391fd8,0x00000000b2f00000)
 Metaspace       used 76495K, committed 78016K, reserved 1179648K
  class space    used 7882K, committed 8512K, reserved 1048576K
GC Heap History (20 events):
Event: 1135.668 GC heap before
{Heap before GC invocations=2193 (full 4):
 PSYoungGen      total 3072K, used 3046K [0x00000000d5580000, 0x00000000d5a00000, 0x0000000100000000)
  eden space 2560K, 99% used [0x00000000d5580000,0x00000000d57fda58,0x00000000d5800000)
  from space 512K, 96% used [0x00000000d5900000,0x00000000d597c010,0x00000000d5980000)
  to   space 1024K, 0% used [0x00000000d5800000,0x00000000d5800000,0x00000000d5900000)
 ParOldGen       total 834560K, used 278585K [0x0000000080000000, 0x00000000b2f00000, 0x00000000d5580000)
  object space 834560K, 33% used [0x0000000080000000,0x000000009100e458,0x00000000b2f00000)
 Metaspace       used 76180K, committed 77760K, reserved 1179648K
  class space    used 7857K, committed 8512K, reserved 1048576K
}
Event: 1135.675 GC heap after
{Heap after GC invocations=2193 (full 4):
 PSYoungGen      total 3584K, used 368K [0x00000000d5580000, 0x00000000d5980000, 0x0000000100000000)
  eden space 2560K, 0% used [0x00000000d5580000,0x00000000d5580000,0x00000000d5800000)
  from space 1024K, 35% used [0x00000000d5800000,0x00000000d585c010,0x00000000d5900000)
  to   space 512K, 0% used [0x00000000d5900000,0x00000000d5900000,0x00000000d5980000)
 ParOldGen       total 834560K, used 278873K [0x0000000080000000, 0x00000000b2f00000, 0x00000000d5580000)
  object space 834560K, 33% used [0x0000000080000000,0x0000000091056458,0x00000000b2f00000)
 Metaspace       used 76180K, committed 77760K, reserved 1179648K
  class space    used 7857K, committed 8512K, reserved 1048576K
}
Event: 1135.737 GC heap before
{Heap before GC invocations=2194 (full 4):
 PSYoungGen      total 3584K, used 2928K [0x00000000d5580000, 0x00000000d5980000, 0x0000000100000000)
  eden space 2560K, 100% used [0x00000000d5580000,0x00000000d5800000,0x00000000d5800000)
  from space 1024K, 35% used [0x00000000d5800000,0x00000000d585c010,0x00000000d5900000)
  to   space 512K, 0% used [0x00000000d5900000,0x00000000d5900000,0x00000000d5980000)
 ParOldGen       total 834560K, used 278873K [0x0000000080000000, 0x00000000b2f00000, 0x00000000d5580000)
  object space 834560K, 33% used [0x0000000080000000,0x0000000091056458,0x00000000b2f00000)
 Metaspace       used 76185K, committed 77760K, reserved 1179648K
  class space    used 7857K, committed 8512K, reserved 1048576K
}
Event: 1135.742 GC heap after
{Heap after GC invocations=2194 (full 4):
 PSYoungGen      total 3072K, used 512K [0x00000000d5580000, 0x00000000d5a00000, 0x0000000100000000)
  eden space 2560K, 0% used [0x00000000d5580000,0x00000000d5580000,0x00000000d5800000)
  from space 512K, 100% used [0x00000000d5900000,0x00000000d5980000,0x00000000d5980000)
  to   space 1024K, 0% used [0x00000000d5800000,0x00000000d5800000,0x00000000d5900000)
 ParOldGen       total 834560K, used 279065K [0x0000000080000000, 0x00000000b2f00000, 0x00000000d5580000)
  object space 834560K, 33% used [0x0000000080000000,0x0000000091086458,0x00000000b2f00000)
 Metaspace       used 76185K, committed 77760K, reserved 1179648K
  class space    used 7857K, committed 8512K, reserved 1048576K
}
Event: 1135.902 GC heap before
{Heap before GC invocations=2195 (full 4):
 PSYoungGen      total 3072K, used 3071K [0x00000000d5580000, 0x00000000d5a00000, 0x0000000100000000)
  eden space 2560K, 99% used [0x00000000d5580000,0x00000000d57fffd8,0x00000000d5800000)
  from space 512K, 100% used [0x00000000d5900000,0x00000000d5980000,0x00000000d5980000)
  to   space 1024K, 0% used [0x00000000d5800000,0x00000000d5800000,0x00000000d5900000)
 ParOldGen       total 834560K, used 279065K [0x0000000080000000, 0x00000000b2f00000, 0x00000000d5580000)
  object space 834560K, 33% used [0x0000000080000000,0x0000000091086458,0x00000000b2f00000)
 Metaspace       used 76190K, committed 77760K, reserved 1179648K
  class space    used 7857K, committed 8512K, reserved 1048576K
}
Event: 1135.911 GC heap after
{Heap after GC invocations=2195 (full 4):
 PSYoungGen      total 3584K, used 384K [0x00000000d5580000, 0x00000000d5980000, 0x0000000100000000)
  eden space 2560K, 0% used [0x00000000d5580000,0x00000000d5580000,0x00000000d5800000)
  from space 1024K, 37% used [0x00000000d5800000,0x00000000d5860000,0x00000000d5900000)
  to   space 512K, 0% used [0x00000000d5900000,0x00000000d5900000,0x00000000d5980000)
 ParOldGen       total 834560K, used 279541K [0x0000000080000000, 0x00000000b2f00000, 0x00000000d5580000)
  object space 834560K, 33% used [0x0000000080000000,0x00000000910fd468,0x00000000b2f00000)
 Metaspace       used 76190K, committed 77760K, reserved 1179648K
  class space    used 7857K, committed 8512K, reserved 1048576K
}
Event: 1138.149 GC heap before
{Heap before GC invocations=2196 (full 4):
 PSYoungGen      total 3584K, used 2944K [0x00000000d5580000, 0x00000000d5980000, 0x0000000100000000)
  eden space 2560K, 100% used [0x00000000d5580000,0x00000000d5800000,0x00000000d5800000)
  from space 1024K, 37% used [0x00000000d5800000,0x00000000d5860000,0x00000000d5900000)
  to   space 512K, 0% used [0x00000000d5900000,0x00000000d5900000,0x00000000d5980000)
 ParOldGen       total 834560K, used 279541K [0x0000000080000000, 0x00000000b2f00000, 0x00000000d5580000)
  object space 834560K, 33% used [0x0000000080000000,0x00000000910fd468,0x00000000b2f00000)
 Metaspace       used 76276K, committed 77824K, reserved 1179648K
  class space    used 7860K, committed 8512K, reserved 1048576K
}
Event: 1138.160 GC heap after
{Heap after GC invocations=2196 (full 4):
 PSYoungGen      total 3072K, used 416K [0x00000000d5580000, 0x00000000d5980000, 0x0000000100000000)
  eden space 2560K, 0% used [0x00000000d5580000,0x00000000d5580000,0x00000000d5800000)
  from space 512K, 81% used [0x00000000d5900000,0x00000000d5968000,0x00000000d5980000)
  to   space 512K, 0% used [0x00000000d5880000,0x00000000d5880000,0x00000000d5900000)
 ParOldGen       total 834560K, used 279765K [0x0000000080000000, 0x00000000b2f00000, 0x00000000d5580000)
  object space 834560K, 33% used [0x0000000080000000,0x0000000091135468,0x00000000b2f00000)
 Metaspace       used 76276K, committed 77824K, reserved 1179648K
  class space    used 7860K, committed 8512K, reserved 1048576K
}
Event: 1139.204 GC heap before
{Heap before GC invocations=2197 (full 4):
 PSYoungGen      total 3072K, used 2950K [0x00000000d5580000, 0x00000000d5980000, 0x0000000100000000)
  eden space 2560K, 99% used [0x00000000d5580000,0x00000000d57f99e0,0x00000000d5800000)
  from space 512K, 81% used [0x00000000d5900000,0x00000000d5968000,0x00000000d5980000)
  to   space 512K, 0% used [0x00000000d5880000,0x00000000d5880000,0x00000000d5900000)
 ParOldGen       total 834560K, used 279765K [0x0000000080000000, 0x00000000b2f00000, 0x00000000d5580000)
  object space 834560K, 33% used [0x0000000080000000,0x0000000091135468,0x00000000b2f00000)
 Metaspace       used 76386K, committed 77952K, reserved 1179648K
  class space    used 7873K, committed 8512K, reserved 1048576K
}
Event: 1139.214 GC heap after
{Heap after GC invocations=2197 (full 4):
 PSYoungGen      total 3072K, used 343K [0x00000000d5580000, 0x00000000d5980000, 0x0000000100000000)
  eden space 2560K, 0% used [0x00000000d5580000,0x00000000d5580000,0x00000000d5800000)
  from space 512K, 67% used [0x00000000d5880000,0x00000000d58d5f60,0x00000000d5900000)
  to   space 512K, 0% used [0x00000000d5900000,0x00000000d5900000,0x00000000d5980000)
 ParOldGen       total 834560K, used 280061K [0x0000000080000000, 0x00000000b2f00000, 0x00000000d5580000)
  object space 834560K, 33% used [0x0000000080000000,0x000000009117f478,0x00000000b2f00000)
 Metaspace       used 76386K, committed 77952K, reserved 1179648K
  class space    used 7873K, committed 8512K, reserved 1048576K
}
Event: 1140.877 GC heap before
{Heap before GC invocations=2198 (full 4):
 PSYoungGen      total 3072K, used 2903K [0x00000000d5580000, 0x00000000d5980000, 0x0000000100000000)
  eden space 2560K, 100% used [0x00000000d5580000,0x00000000d5800000,0x00000000d5800000)
  from space 512K, 67% used [0x00000000d5880000,0x00000000d58d5f60,0x00000000d5900000)
  to   space 512K, 0% used [0x00000000d5900000,0x00000000d5900000,0x00000000d5980000)
 ParOldGen       total 834560K, used 280061K [0x0000000080000000, 0x00000000b2f00000, 0x00000000d5580000)
  object space 834560K, 33% used [0x0000000080000000,0x000000009117f478,0x00000000b2f00000)
 Metaspace       used 76483K, committed 78016K, reserved 1179648K
  class space    used 7882K, committed 8512K, reserved 1048576K
}
Event: 1140.885 GC heap after
{Heap after GC invocations=2198 (full 4):
 PSYoungGen      total 3072K, used 448K [0x00000000d5580000, 0x00000000d5980000, 0x0000000100000000)
  eden space 2560K, 0% used [0x00000000d5580000,0x00000000d5580000,0x00000000d5800000)
  from space 512K, 87% used [0x00000000d5900000,0x00000000d5970000,0x00000000d5980000)
  to   space 512K, 0% used [0x00000000d5880000,0x00000000d5880000,0x00000000d5900000)
 ParOldGen       total 834560K, used 280279K [0x0000000080000000, 0x00000000b2f00000, 0x00000000d5580000)
  object space 834560K, 33% used [0x0000000080000000,0x00000000911b5f88,0x00000000b2f00000)
 Metaspace       used 76483K, committed 78016K, reserved 1179648K
  class space    used 7882K, committed 8512K, reserved 1048576K
}
Event: 1141.034 GC heap before
{Heap before GC invocations=2199 (full 4):
 PSYoungGen      total 3072K, used 3000K [0x00000000d5580000, 0x00000000d5980000, 0x0000000100000000)
  eden space 2560K, 99% used [0x00000000d5580000,0x00000000d57fe308,0x00000000d5800000)
  from space 512K, 87% used [0x00000000d5900000,0x00000000d5970000,0x00000000d5980000)
  to   space 512K, 0% used [0x00000000d5880000,0x00000000d5880000,0x00000000d5900000)
 ParOldGen       total 834560K, used 280279K [0x0000000080000000, 0x00000000b2f00000, 0x00000000d5580000)
  object space 834560K, 33% used [0x0000000080000000,0x00000000911b5f88,0x00000000b2f00000)
 Metaspace       used 76484K, committed 78016K, reserved 1179648K
  class space    used 7882K, committed 8512K, reserved 1048576K
}
Event: 1141.042 GC heap after
{Heap after GC invocations=2199 (full 4):
 PSYoungGen      total 3072K, used 512K [0x00000000d5580000, 0x00000000d5b00000, 0x0000000100000000)
  eden space 2560K, 0% used [0x00000000d5580000,0x00000000d5580000,0x00000000d5800000)
  from space 512K, 100% used [0x00000000d5880000,0x00000000d5900000,0x00000000d5900000)
  to   space 1536K, 0% used [0x00000000d5980000,0x00000000d5980000,0x00000000d5b00000)
 ParOldGen       total 834560K, used 280743K [0x0000000080000000, 0x00000000b2f00000, 0x00000000d5580000)
  object space 834560K, 33% used [0x0000000080000000,0x0000000091229f88,0x00000000b2f00000)
 Metaspace       used 76484K, committed 78016K, reserved 1179648K
  class space    used 7882K, committed 8512K, reserved 1048576K
}
Event: 1141.111 GC heap before
{Heap before GC invocations=2200 (full 4):
 PSYoungGen      total 3072K, used 3072K [0x00000000d5580000, 0x00000000d5b00000, 0x0000000100000000)
  eden space 2560K, 100% used [0x00000000d5580000,0x00000000d5800000,0x00000000d5800000)
  from space 512K, 100% used [0x00000000d5880000,0x00000000d5900000,0x00000000d5900000)
  to   space 1536K, 0% used [0x00000000d5980000,0x00000000d5980000,0x00000000d5b00000)
 ParOldGen       total 834560K, used 280743K [0x0000000080000000, 0x00000000b2f00000, 0x00000000d5580000)
  object space 834560K, 33% used [0x0000000080000000,0x0000000091229f88,0x00000000b2f00000)
 Metaspace       used 76484K, committed 78016K, reserved 1179648K
  class space    used 7882K, committed 8512K, reserved 1048576K
}
Event: 1141.121 GC heap after
{Heap after GC invocations=2200 (full 4):
 PSYoungGen      total 3584K, used 656K [0x00000000d5580000, 0x00000000d5a80000, 0x0000000100000000)
  eden space 2560K, 0% used [0x00000000d5580000,0x00000000d5580000,0x00000000d5800000)
  from space 1024K, 64% used [0x00000000d5980000,0x00000000d5a24010,0x00000000d5a80000)
  to   space 1024K, 0% used [0x00000000d5880000,0x00000000d5880000,0x00000000d5980000)
 ParOldGen       total 834560K, used 281219K [0x0000000080000000, 0x00000000b2f00000, 0x00000000d5580000)
  object space 834560K, 33% used [0x0000000080000000,0x00000000912a0fa8,0x00000000b2f00000)
 Metaspace       used 76484K, committed 78016K, reserved 1179648K
  class space    used 7882K, committed 8512K, reserved 1048576K
}
Event: 1141.199 GC heap before
{Heap before GC invocations=2201 (full 4):
 PSYoungGen      total 3584K, used 3216K [0x00000000d5580000, 0x00000000d5a80000, 0x0000000100000000)
  eden space 2560K, 100% used [0x00000000d5580000,0x00000000d5800000,0x00000000d5800000)
  from space 1024K, 64% used [0x00000000d5980000,0x00000000d5a24010,0x00000000d5a80000)
  to   space 1024K, 0% used [0x00000000d5880000,0x00000000d5880000,0x00000000d5980000)
 ParOldGen       total 834560K, used 281219K [0x0000000080000000, 0x00000000b2f00000, 0x00000000d5580000)
  object space 834560K, 33% used [0x0000000080000000,0x00000000912a0fa8,0x00000000b2f00000)
 Metaspace       used 76490K, committed 78016K, reserved 1179648K
  class space    used 7882K, committed 8512K, reserved 1048576K
}
Event: 1141.209 GC heap after
{Heap after GC invocations=2201 (full 4):
 PSYoungGen      total 3072K, used 448K [0x00000000d5580000, 0x00000000d5a00000, 0x0000000100000000)
  eden space 2560K, 0% used [0x00000000d5580000,0x00000000d5580000,0x00000000d5800000)
  from space 512K, 87% used [0x00000000d5880000,0x00000000d58f0000,0x00000000d5900000)
  to   space 1024K, 0% used [0x00000000d5900000,0x00000000d5900000,0x00000000d5a00000)
 ParOldGen       total 834560K, used 281691K [0x0000000080000000, 0x00000000b2f00000, 0x00000000d5580000)
  object space 834560K, 33% used [0x0000000080000000,0x0000000091316fa8,0x00000000b2f00000)
 Metaspace       used 76490K, committed 78016K, reserved 1179648K
  class space    used 7882K, committed 8512K, reserved 1048576K
}
Event: 1141.327 GC heap before
{Heap before GC invocations=2202 (full 4):
 PSYoungGen      total 3072K, used 2999K [0x00000000d5580000, 0x00000000d5a00000, 0x0000000100000000)
  eden space 2560K, 99% used [0x00000000d5580000,0x00000000d57fde30,0x00000000d5800000)
  from space 512K, 87% used [0x00000000d5880000,0x00000000d58f0000,0x00000000d5900000)
  to   space 1024K, 0% used [0x00000000d5900000,0x00000000d5900000,0x00000000d5a00000)
 ParOldGen       total 834560K, used 281691K [0x0000000080000000, 0x00000000b2f00000, 0x00000000d5580000)
  object space 834560K, 33% used [0x0000000080000000,0x0000000091316fa8,0x00000000b2f00000)
 Metaspace       used 76492K, committed 78016K, reserved 1179648K
  class space    used 7882K, committed 8512K, reserved 1048576K
}
Event: 1141.334 GC heap after
{Heap after GC invocations=2202 (full 4):
 PSYoungGen      total 3072K, used 256K [0x00000000d5580000, 0x00000000d5980000, 0x0000000100000000)
  eden space 2560K, 0% used [0x00000000d5580000,0x00000000d5580000,0x00000000d5800000)
  from space 512K, 50% used [0x00000000d5900000,0x00000000d5940020,0x00000000d5980000)
  to   space 512K, 0% used [0x00000000d5880000,0x00000000d5880000,0x00000000d5900000)
 ParOldGen       total 834560K, used 282039K [0x0000000080000000, 0x00000000b2f00000, 0x00000000d5580000)
  object space 834560K, 33% used [0x0000000080000000,0x000000009136dfd8,0x00000000b2f00000)
 Metaspace       used 76492K, committed 78016K, reserved 1179648K
  class space    used 7882K, committed 8512K, reserved 1048576K
}

